<?xml version="1.0" encoding="UTF-8" ?>
<testsuite errors="0" failures="0" hostname="josecanova-PC" name="test.org.nanotek.datanucleus.persistence.dao.JPATestDAO" skipped="0" tests="1" time="1.364" timestamp="2014-08-07T01:02:30">
  <properties>
[...]
</properties>
  <testcase classname="test.org.nanotek.datanucleus.persistence.dao.JPATestDAO" name="test" time="1.303" />
  <system-out><![CDATA[0    [main] DEBUG DataNucleus.General  - Using PluginRegistry org.datanucleus.plugin.NonManagedPluginRegistry
15   [main] DEBUG DataNucleus.General  - Registering bundle org.datanucleus.jpa.query version 3.0.3 at URL file:/C:/Users/josecanova/.m2/repository/org/datanucleus/datanucleus-jpa-query/3.0.3/datanucleus-jpa-query-3.0.3.jar.
22   [main] DEBUG DataNucleus.General  - Loading extension points from plug-in file jar:file:/C:/Users/josecanova/.m2/repository/org/datanucleus/datanucleus-jpa-query/3.0.3/datanucleus-jpa-query-3.0.3.jar!/plugin.xml.
23   [main] DEBUG DataNucleus.General  - Loading extensions from plug-in file jar:file:/C:/Users/josecanova/.m2/repository/org/datanucleus/datanucleus-jpa-query/3.0.3/datanucleus-jpa-query-3.0.3.jar!/plugin.xml.
24   [main] DEBUG DataNucleus.General  - Registering bundle org.datanucleus version 3.2.13 at URL file:/C:/Users/josecanova/.m2/repository/org/datanucleus/datanucleus-core/3.2.13/datanucleus-core-3.2.13.jar.
50   [main] DEBUG DataNucleus.General  - Loading extension points from plug-in file jar:file:/C:/Users/josecanova/.m2/repository/org/datanucleus/datanucleus-core/3.2.13/datanucleus-core-3.2.13.jar!/plugin.xml.
90   [main] DEBUG DataNucleus.General  - Loading extensions from plug-in file jar:file:/C:/Users/josecanova/.m2/repository/org/datanucleus/datanucleus-core/3.2.13/datanucleus-core-3.2.13.jar!/plugin.xml.
98   [main] DEBUG DataNucleus.General  - Registering bundle org.datanucleus.api.jpa version 3.3.7 at URL file:/C:/Users/josecanova/.m2/repository/org/datanucleus/datanucleus-api-jpa/3.3.7/datanucleus-api-jpa-3.3.7.jar.
102  [main] DEBUG DataNucleus.General  - Loading extension points from plug-in file jar:file:/C:/Users/josecanova/.m2/repository/org/datanucleus/datanucleus-api-jpa/3.3.7/datanucleus-api-jpa-3.3.7.jar!/plugin.xml.
104  [main] DEBUG DataNucleus.General  - Loading extensions from plug-in file jar:file:/C:/Users/josecanova/.m2/repository/org/datanucleus/datanucleus-api-jpa/3.3.7/datanucleus-api-jpa-3.3.7.jar!/plugin.xml.
107  [main] DEBUG DataNucleus.General  - Registering bundle org.sonatype.inject version 2.3.0 at URL file:/C:/Users/josecanova/.m2/repository/org/sonatype/sisu/sisu-inject-bean/2.3.0/sisu-inject-bean-2.3.0.jar.
108  [main] DEBUG DataNucleus.General  - Loading extension points from plug-in file jar:file:/C:/Users/josecanova/.m2/repository/org/sonatype/sisu/sisu-inject-bean/2.3.0/sisu-inject-bean-2.3.0.jar!/plugin.xml.
108  [main] DEBUG DataNucleus.General  - Loading extensions from plug-in file jar:file:/C:/Users/josecanova/.m2/repository/org/sonatype/sisu/sisu-inject-bean/2.3.0/sisu-inject-bean-2.3.0.jar!/plugin.xml.
109  [main] DEBUG DataNucleus.General  - Registering bundle org.datanucleus.store.rdbms version 3.2.12 at URL file:/C:/Users/josecanova/.m2/repository/org/datanucleus/datanucleus-rdbms/3.2.12/datanucleus-rdbms-3.2.12.jar.
143  [main] DEBUG DataNucleus.General  - Loading extension points from plug-in file jar:file:/C:/Users/josecanova/.m2/repository/org/datanucleus/datanucleus-rdbms/3.2.12/datanucleus-rdbms-3.2.12.jar!/plugin.xml.
167  [main] DEBUG DataNucleus.General  - Loading extensions from plug-in file jar:file:/C:/Users/josecanova/.m2/repository/org/datanucleus/datanucleus-rdbms/3.2.12/datanucleus-rdbms-3.2.12.jar!/plugin.xml.
194  [main] DEBUG DataNucleus.MetaData  - Parsing MetaData file "file:/C:/Users/josecanova/workspace_luna/base/target/classes/META-INF/persistence.xml" using handler "persistence" (validation="false")
240  [main] DEBUG DataNucleus.Persistence  - Java types support initialising ...
245  [main] DEBUG DataNucleus.Persistence  - Not enabling java type support for javax.time.calendar.LocalDate : java type not present in CLASSPATH
245  [main] DEBUG DataNucleus.Persistence  - Not enabling java type support for javax.time.calendar.LocalDateTime : java type not present in CLASSPATH
246  [main] DEBUG DataNucleus.Persistence  - Not enabling java type support for javax.time.calendar.LocalTime : java type not present in CLASSPATH
279  [main] DEBUG DataNucleus.Persistence  - Java types support loaded : supported java types=java.util.TimeZone, [Ljava.lang.Byte;, [Ljava.lang.Integer;, java.util.SortedMap, char, java.lang.Boolean, [Ljava.lang.Boolean;, java.lang.Long, java.sql.Timestamp, [Ljava.lang.Double;, java.lang.Float, long, float, java.util.BitSet, java.util.Stack, java.math.BigInteger, java.lang.Double, java.util.Vector, byte, java.util.Locale, java.lang.Class, [Ljava.lang.Long;, java.sql.Time, boolean, [Ljava.lang.Short;, java.util.LinkedList, java.util.PriorityQueue, [Ljava.lang.Enum;, java.util.List, int, java.util.TreeMap, java.lang.Integer, java.lang.Short, double, java.lang.Number, java.util.LinkedHashMap, java.sql.Date, [Ljava.util.Locale;, java.util.Arrays$ArrayList, java.lang.Byte, java.util.UUID, [Ljava.lang.String;, [Ljava.util.Date;, java.util.Currency, java.util.Properties, java.util.Calendar, java.util.Map, java.awt.Color, java.lang.StringBuilder, java.util.HashMap, [Ljava.lang.Character;, short, java.util.GregorianCalendar, java.util.TreeSet, java.lang.Character, java.util.SortedSet, java.util.Set, java.util.Collection, java.util.ArrayList, java.lang.StringBuffer, [Ljava.math.BigDecimal;, [B, java.util.Hashtable, [F, java.lang.String, java.net.URI, [C, java.awt.image.BufferedImage, [D, java.util.Date, [I, [J, [Ljava.lang.Number;, [Ljava.lang.Float;, [Ljava.math.BigInteger;, java.net.URL, java.util.HashSet, java.math.BigDecimal, [S, [Z, java.util.Queue, java.lang.Enum, java.util.LinkedHashSet
280  [main] DEBUG DataNucleus.Persistence  - Type converter support initialising ...
281  [main] DEBUG DataNucleus.Persistence  - Added converter for java.math.BigDecimal<->java.lang.String using org.datanucleus.store.types.converters.BigDecimalStringConverter
282  [main] DEBUG DataNucleus.Persistence  - Added converter for java.math.BigInteger<->java.lang.String using org.datanucleus.store.types.converters.BigIntegerStringConverter
283  [main] DEBUG DataNucleus.Persistence  - Added converter for java.util.BitSet<->java.lang.String using org.datanucleus.store.types.converters.BitSetStringConverter
284  [main] DEBUG DataNucleus.Persistence  - Added converter for java.util.Calendar<->java.lang.String using org.datanucleus.store.types.converters.CalendarStringConverter
284  [main] DEBUG DataNucleus.Persistence  - Added converter for java.lang.Class<->java.lang.String using org.datanucleus.store.types.converters.ClassStringConverter
285  [main] DEBUG DataNucleus.Persistence  - Added converter for java.awt.Color<->java.lang.String using org.datanucleus.store.types.converters.ColorStringConverter
286  [main] DEBUG DataNucleus.Persistence  - Added converter for java.lang.Integer<->java.lang.String using org.datanucleus.store.types.converters.IntegerStringConverter
286  [main] DEBUG DataNucleus.Persistence  - Added converter for java.lang.Long<->java.lang.String using org.datanucleus.store.types.converters.LongStringConverter
287  [main] DEBUG DataNucleus.Persistence  - Added converter for java.util.Currency<->java.lang.String using org.datanucleus.store.types.converters.CurrencyStringConverter
287  [main] DEBUG DataNucleus.Persistence  - Added converter for java.util.Date<->java.lang.Long using org.datanucleus.store.types.converters.DateLongConverter
288  [main] DEBUG DataNucleus.Persistence  - Added converter for java.util.Date<->java.lang.String using org.datanucleus.store.types.converters.DateStringConverter
289  [main] DEBUG DataNucleus.Persistence  - Added converter for java.util.Locale<->java.lang.String using org.datanucleus.store.types.converters.LocaleStringConverter
289  [main] DEBUG DataNucleus.Persistence  - Added converter for java.sql.Date<->java.lang.Long using org.datanucleus.store.types.converters.SqlDateLongConverter
290  [main] DEBUG DataNucleus.Persistence  - Added converter for java.sql.Date<->java.lang.String using org.datanucleus.store.types.converters.SqlDateStringConverter
291  [main] DEBUG DataNucleus.Persistence  - Added converter for java.sql.Time<->java.lang.Long using org.datanucleus.store.types.converters.SqlTimeLongConverter
291  [main] DEBUG DataNucleus.Persistence  - Added converter for java.sql.Time<->java.lang.String using org.datanucleus.store.types.converters.SqlTimeStringConverter
292  [main] DEBUG DataNucleus.Persistence  - Added converter for java.sql.Timestamp<->java.lang.Long using org.datanucleus.store.types.converters.SqlTimestampLongConverter
292  [main] DEBUG DataNucleus.Persistence  - Added converter for java.lang.StringBuffer<->java.lang.String using org.datanucleus.store.types.converters.StringBufferStringConverter
293  [main] DEBUG DataNucleus.Persistence  - Added converter for java.lang.StringBuilder<->java.lang.String using org.datanucleus.store.types.converters.StringBuilderStringConverter
293  [main] DEBUG DataNucleus.Persistence  - Added converter for java.util.TimeZone<->java.lang.String using org.datanucleus.store.types.converters.TimeZoneStringConverter
294  [main] DEBUG DataNucleus.Persistence  - Added converter for java.net.URI<->java.lang.String using org.datanucleus.store.types.converters.URIStringConverter
294  [main] DEBUG DataNucleus.Persistence  - Added converter for java.net.URL<->java.lang.String using org.datanucleus.store.types.converters.URLStringConverter
295  [main] DEBUG DataNucleus.Persistence  - Added converter for java.util.UUID<->java.lang.String using org.datanucleus.store.types.converters.UUIDStringConverter
296  [main] DEBUG DataNucleus.Persistence  - TypeConverter for javax.time.calendar.LocalDate<->java.lang.String ignored since java type not present in CLASSPATH
297  [main] DEBUG DataNucleus.Persistence  - TypeConverter for javax.time.calendar.LocalTime<->java.lang.String ignored since java type not present in CLASSPATH
298  [main] DEBUG DataNucleus.Persistence  - TypeConverter for javax.time.calendar.LocalTime<->java.lang.Long ignored since java type not present in CLASSPATH
298  [main] DEBUG DataNucleus.Persistence  - TypeConverter for javax.time.calendar.LocalDateTime<->java.lang.String ignored since java type not present in CLASSPATH
299  [main] DEBUG DataNucleus.Persistence  - Added converter for java.io.Serializable<->java.lang.String using org.datanucleus.store.types.converters.SerializableStringConverter
300  [main] DEBUG DataNucleus.Persistence  - Added converter for java.io.Serializable<->[B using org.datanucleus.store.types.converters.SerializableByteArrayConverter
300  [main] DEBUG DataNucleus.Persistence  - Type converter support loaded
300  [main] DEBUG DataNucleus.MetaData  - MetaDataManager : Input=(XML,Annotations), XML-Validation=false
300  [main] DEBUG DataNucleus.MetaData  - MetaData Management : Loading Metadata for persistence-unit "musicbrainz" ...
301  [main] DEBUG DataNucleus.MetaData  - Not found any metadata mapping files for resource name META-INF/orm.xml in CLASSPATH
363  [main] DEBUG DataNucleus.MetaData  - Class "org.nanotek.base.StringBase" has been specified with JPA annotations so using those.
382  [main] DEBUG DataNucleus.MetaData  - Class "org.nanotek.base.music.Record" has been specified with JPA annotations so using those.
385  [main] DEBUG DataNucleus.MetaData  - Class "org.nanotek.base.BirthDateBase" has been specified with JPA annotations so using those.
388  [main] DEBUG DataNucleus.MetaData  - Class "org.nanotek.base.artist.Artist" has been specified with JPA annotations so using those.
395  [main] DEBUG DataNucleus.MetaData  - Class "org.nanotek.base.LongBase" has been specified with JPA annotations so using those.
403  [main] DEBUG DataNucleus.MetaData  - Class "org.nanotek.base.music.gender.MusicalGender" has been specified with JPA annotations so using those.
404  [main] DEBUG DataNucleus.MetaData  - Class "org.nanotek.base.AbstractBase" has been specified with JPA annotations so using those.
405  [main] DEBUG DataNucleus.MetaData  - Class "org.nanotek.base.Name" has been specified with JPA annotations so using those.
410  [main] DEBUG DataNucleus.MetaData  - Class "org.nanotek.base.Work" has been specified with JPA annotations so using those.
417  [main] DEBUG DataNucleus.MetaData  - Class "org.nanotek.base.artist.work.Author" has been specified with JPA annotations so using those.
418  [main] DEBUG DataNucleus.MetaData  - Populating all MetaData ...
418  [main] DEBUG DataNucleus.MetaData  - Class "org.nanotek.base.StringBase" : Populating Meta-Data
419  [main] DEBUG DataNucleus.MetaData  - Class "org.nanotek.base.LongBase" : Populating Meta-Data
421  [main] DEBUG DataNucleus.MetaData  - Class "org.nanotek.base.music.Record" : Populating Meta-Data
421  [main] DEBUG DataNucleus.MetaData  - Class "org.nanotek.base.music.Record" field "participants" : Adding Meta-Data for field since it didnt appear in the Meta-Data definition.
421  [main] DEBUG DataNucleus.MetaData  - Class "org.nanotek.base.music.Record" field "attributes" : Adding Meta-Data for field since it didnt appear in the Meta-Data definition.
423  [main] DEBUG DataNucleus.MetaData  - Registering class "org.nanotek.Base" as not having MetaData.
423  [main] DEBUG DataNucleus.MetaData  - Class "org.nanotek.base.BirthDateBase" : Populating Meta-Data
423  [main] DEBUG DataNucleus.MetaData  - Class "org.nanotek.base.artist.Artist" : Populating Meta-Data
424  [main] DEBUG DataNucleus.MetaData  - Class "org.nanotek.base.artist.Artist" field "nickNames" : Adding Meta-Data for field since it didnt appear in the Meta-Data definition.
424  [main] DEBUG DataNucleus.MetaData  - Class "org.nanotek.base.music.gender.MusicalGender" : Populating Meta-Data
425  [main] DEBUG DataNucleus.MetaData  - Class "org.nanotek.base.AbstractBase" : Populating Meta-Data
425  [main] DEBUG DataNucleus.MetaData  - Class "org.nanotek.base.Name" : Populating Meta-Data
426  [main] DEBUG DataNucleus.MetaData  - Class "org.nanotek.base.Work" : Populating Meta-Data
426  [main] DEBUG DataNucleus.Persistence  - Java type org.nanotek.base.WorkType using the support for java.lang.Enum
426  [main] DEBUG DataNucleus.MetaData  - Registering class "org.nanotek.base.WorkType" as not having MetaData.
426  [main] DEBUG DataNucleus.MetaData  - Class "org.nanotek.base.artist.work.Author" : Populating Meta-Data
427  [main] DEBUG DataNucleus.MetaData  - Initialising all MetaData ...
427  [main] DEBUG DataNucleus.MetaData  - Class "org.nanotek.base.LongBase" : Initialising Meta-Data
430  [main] DEBUG DataNucleus.MetaData  - Class "org.nanotek.base.StringBase" : Initialising Meta-Data
430  [main] DEBUG DataNucleus.MetaData  - Class "org.nanotek.base.music.Record" : Initialising Meta-Data
430  [main] DEBUG DataNucleus.MetaData  - Class "org.nanotek.base.BirthDateBase" : Initialising Meta-Data
430  [main] DEBUG DataNucleus.MetaData  - Class "org.nanotek.base.artist.Artist" : Initialising Meta-Data
430  [main] DEBUG DataNucleus.MetaData  - Class "org.nanotek.base.music.gender.MusicalGender" : Initialising Meta-Data
430  [main] DEBUG DataNucleus.MetaData  - Class "org.nanotek.base.AbstractBase" : Initialising Meta-Data
430  [main] DEBUG DataNucleus.MetaData  - Class "org.nanotek.base.Name" : Initialising Meta-Data
430  [main] DEBUG DataNucleus.MetaData  - Class "org.nanotek.base.Work" : Initialising Meta-Data
431  [main] DEBUG DataNucleus.MetaData  - Class "org.nanotek.base.artist.work.Author" : Initialising Meta-Data
431  [main] DEBUG DataNucleus.MetaData  - MetaData Management : Load of Metadata complete
431  [main] DEBUG DataNucleus.Datastore  - Creating StoreManager for datastore
478  [main] DEBUG DataNucleus.Connection  - Created tx data source using pooling type of dbcp-builtin
478  [main] DEBUG DataNucleus.Connection  - Registered transactional connection factory under name "rdbms/tx"
478  [main] DEBUG DataNucleus.Connection  - Registered nontransactional connection factory under name "rdbms/nontx"
515  [main] DEBUG DataNucleus.Connection  - Created nontx data source using pooling type of dbcp-builtin
583  [main] DEBUG DataNucleus.Connection  - Connection "org.datanucleus.store.rdbms.datasource.dbcp.PoolingDataSource$PoolGuardConnectionWrapper@45d58963" opened
631  [main] DEBUG DataNucleus.Datastore  - Adding RDBMS support for Java type java.lang.Boolean (jdbc-type=BIT, sql-type=BIT, datastore-mapping-type=org.datanucleus.store.rdbms.mapping.datastore.BitRDBMSMapping, default=true)
631  [main] DEBUG DataNucleus.Datastore  - Adding RDBMS support for Java type java.lang.Boolean (jdbc-type=CHAR, sql-type=CHAR, datastore-mapping-type=org.datanucleus.store.rdbms.mapping.datastore.CharRDBMSMapping, default=false)
632  [main] DEBUG DataNucleus.Datastore  - Adding RDBMS support for Java type java.lang.Boolean (jdbc-type=BOOLEAN, sql-type=BOOLEAN, datastore-mapping-type=org.datanucleus.store.rdbms.mapping.datastore.BooleanRDBMSMapping, default=false)
633  [main] DEBUG DataNucleus.Datastore  - Adding RDBMS support for Java type java.lang.Boolean (jdbc-type=SMALLINT, sql-type=SMALLINT, datastore-mapping-type=org.datanucleus.store.rdbms.mapping.datastore.SmallIntRDBMSMapping, default=false)
634  [main] DEBUG DataNucleus.Datastore  - Adding RDBMS support for Java type java.lang.Byte (jdbc-type=SMALLINT, sql-type=SMALLINT, datastore-mapping-type=org.datanucleus.store.rdbms.mapping.datastore.SmallIntRDBMSMapping, default=false)
634  [main] DEBUG DataNucleus.Datastore  - Adding RDBMS support for Java type java.lang.Character (jdbc-type=CHAR, sql-type=CHAR, datastore-mapping-type=org.datanucleus.store.rdbms.mapping.datastore.CharRDBMSMapping, default=true)
634  [main] DEBUG DataNucleus.Datastore  - Adding RDBMS support for Java type java.lang.Character (jdbc-type=INTEGER, sql-type=INTEGER, datastore-mapping-type=org.datanucleus.store.rdbms.mapping.datastore.IntegerRDBMSMapping, default=false)
635  [main] DEBUG DataNucleus.Datastore  - Adding RDBMS support for Java type java.lang.Double (jdbc-type=DOUBLE, sql-type=DOUBLE, datastore-mapping-type=org.datanucleus.store.rdbms.mapping.datastore.DoubleRDBMSMapping, default=true)
636  [main] DEBUG DataNucleus.Datastore  - Adding RDBMS support for Java type java.lang.Float (jdbc-type=DOUBLE, sql-type=DOUBLE, datastore-mapping-type=org.datanucleus.store.rdbms.mapping.datastore.DoubleRDBMSMapping, default=false)
637  [main] DEBUG DataNucleus.Datastore  - Adding RDBMS support for Java type java.lang.Float (jdbc-type=REAL, sql-type=REAL, datastore-mapping-type=org.datanucleus.store.rdbms.mapping.datastore.RealRDBMSMapping, default=false)
637  [main] DEBUG DataNucleus.Datastore  - Adding RDBMS support for Java type java.lang.Integer (jdbc-type=INTEGER, sql-type=INTEGER, datastore-mapping-type=org.datanucleus.store.rdbms.mapping.datastore.IntegerRDBMSMapping, default=true)
638  [main] DEBUG DataNucleus.Datastore  - Adding RDBMS support for Java type java.lang.Integer (jdbc-type=BIGINT, sql-type=BIGINT, datastore-mapping-type=org.datanucleus.store.rdbms.mapping.datastore.BigIntRDBMSMapping, default=false)
638  [main] DEBUG DataNucleus.Datastore  - Adding RDBMS support for Java type java.lang.Integer (jdbc-type=NUMERIC, sql-type=NUMERIC, datastore-mapping-type=org.datanucleus.store.rdbms.mapping.datastore.NumericRDBMSMapping, default=false)
638  [main] DEBUG DataNucleus.Datastore  - Adding RDBMS support for Java type java.lang.Integer (jdbc-type=SMALLINT, sql-type=SMALLINT, datastore-mapping-type=org.datanucleus.store.rdbms.mapping.datastore.SmallIntRDBMSMapping, default=false)
638  [main] DEBUG DataNucleus.Datastore  - Adding RDBMS support for Java type java.lang.Long (jdbc-type=BIGINT, sql-type=BIGINT, datastore-mapping-type=org.datanucleus.store.rdbms.mapping.datastore.BigIntRDBMSMapping, default=true)
638  [main] DEBUG DataNucleus.Datastore  - Adding RDBMS support for Java type java.lang.Long (jdbc-type=INTEGER, sql-type=INT, datastore-mapping-type=org.datanucleus.store.rdbms.mapping.datastore.IntegerRDBMSMapping, default=false)
638  [main] DEBUG DataNucleus.Datastore  - Adding RDBMS support for Java type java.lang.Long (jdbc-type=NUMERIC, sql-type=NUMERIC, datastore-mapping-type=org.datanucleus.store.rdbms.mapping.datastore.NumericRDBMSMapping, default=false)
639  [main] DEBUG DataNucleus.Datastore  - Adding RDBMS support for Java type java.lang.Long (jdbc-type=SMALLINT, sql-type=SMALLINT, datastore-mapping-type=org.datanucleus.store.rdbms.mapping.datastore.SmallIntRDBMSMapping, default=false)
639  [main] DEBUG DataNucleus.Datastore  - Adding RDBMS support for Java type java.lang.Short (jdbc-type=SMALLINT, sql-type=SMALLINT, datastore-mapping-type=org.datanucleus.store.rdbms.mapping.datastore.SmallIntRDBMSMapping, default=true)
639  [main] DEBUG DataNucleus.Datastore  - Adding RDBMS support for Java type java.lang.Short (jdbc-type=INTEGER, sql-type=INTEGER, datastore-mapping-type=org.datanucleus.store.rdbms.mapping.datastore.IntegerRDBMSMapping, default=false)
639  [main] DEBUG DataNucleus.Datastore  - Adding RDBMS support for Java type java.lang.String (jdbc-type=VARCHAR, sql-type=VARCHAR, datastore-mapping-type=org.datanucleus.store.rdbms.mapping.datastore.VarCharRDBMSMapping, default=true)
640  [main] DEBUG DataNucleus.Datastore  - Adding RDBMS support for Java type java.lang.String (jdbc-type=CHAR, sql-type=CHAR, datastore-mapping-type=org.datanucleus.store.rdbms.mapping.datastore.CharRDBMSMapping, default=false)
640  [main] DEBUG DataNucleus.Datastore  - Adding RDBMS support for Java type java.lang.String (jdbc-type=BIGINT, sql-type=BIGINT, datastore-mapping-type=org.datanucleus.store.rdbms.mapping.datastore.BigIntRDBMSMapping, default=false)
640  [main] DEBUG DataNucleus.Datastore  - Adding RDBMS support for Java type java.lang.String (jdbc-type=LONGVARCHAR, sql-type=LONGVARCHAR, datastore-mapping-type=org.datanucleus.store.rdbms.mapping.datastore.LongVarcharRDBMSMapping, default=false)
641  [main] DEBUG DataNucleus.Datastore  - Adding RDBMS support for Java type java.lang.String (jdbc-type=CLOB, sql-type=CLOB, datastore-mapping-type=org.datanucleus.store.rdbms.mapping.datastore.ClobRDBMSMapping, default=false)
643  [main] DEBUG DataNucleus.Datastore  - Adding RDBMS support for Java type java.lang.String (jdbc-type=BLOB, sql-type=BLOB, datastore-mapping-type=org.datanucleus.store.rdbms.mapping.datastore.BlobRDBMSMapping, default=false)
646  [main] DEBUG DataNucleus.Datastore  - Adding RDBMS support for Java type java.lang.String (jdbc-type=NVARCHAR, sql-type=NVARCHAR, datastore-mapping-type=org.datanucleus.store.rdbms.mapping.datastore.NVarcharRDBMSMapping, default=false)
646  [main] DEBUG DataNucleus.Datastore  - Adding RDBMS support for Java type java.lang.String (jdbc-type=NCHAR, sql-type=NCHAR, datastore-mapping-type=org.datanucleus.store.rdbms.mapping.datastore.NCharRDBMSMapping, default=false)
646  [main] DEBUG DataNucleus.Datastore  - Adding RDBMS support for Java type java.math.BigDecimal (jdbc-type=NUMERIC, sql-type=NUMERIC, datastore-mapping-type=org.datanucleus.store.rdbms.mapping.datastore.NumericRDBMSMapping, default=false)
647  [main] DEBUG DataNucleus.Datastore  - Adding RDBMS support for Java type java.math.BigInteger (jdbc-type=NUMERIC, sql-type=NUMERIC, datastore-mapping-type=org.datanucleus.store.rdbms.mapping.datastore.NumericRDBMSMapping, default=true)
647  [main] DEBUG DataNucleus.Datastore  - Adding RDBMS support for Java type java.sql.Date (jdbc-type=DATE, sql-type=DATE, datastore-mapping-type=org.datanucleus.store.rdbms.mapping.datastore.DateRDBMSMapping, default=true)
648  [main] DEBUG DataNucleus.Datastore  - Adding RDBMS support for Java type java.sql.Date (jdbc-type=TIMESTAMP, sql-type=TIMESTAMP, datastore-mapping-type=org.datanucleus.store.rdbms.mapping.datastore.TimestampRDBMSMapping, default=false)
648  [main] DEBUG DataNucleus.Datastore  - Adding RDBMS support for Java type java.sql.Date (jdbc-type=CHAR, sql-type=CHAR, datastore-mapping-type=org.datanucleus.store.rdbms.mapping.datastore.CharRDBMSMapping, default=false)
648  [main] DEBUG DataNucleus.Datastore  - Adding RDBMS support for Java type java.sql.Date (jdbc-type=VARCHAR, sql-type=VARCHAR, datastore-mapping-type=org.datanucleus.store.rdbms.mapping.datastore.VarCharRDBMSMapping, default=false)
648  [main] DEBUG DataNucleus.Datastore  - Adding RDBMS support for Java type java.sql.Date (jdbc-type=BIGINT, sql-type=BIGINT, datastore-mapping-type=org.datanucleus.store.rdbms.mapping.datastore.BigIntRDBMSMapping, default=false)
648  [main] DEBUG DataNucleus.Datastore  - Adding RDBMS support for Java type java.sql.Time (jdbc-type=TIME, sql-type=TIME, datastore-mapping-type=org.datanucleus.store.rdbms.mapping.datastore.TimeRDBMSMapping, default=true)
649  [main] DEBUG DataNucleus.Datastore  - Adding RDBMS support for Java type java.sql.Time (jdbc-type=TIMESTAMP, sql-type=TIMESTAMP, datastore-mapping-type=org.datanucleus.store.rdbms.mapping.datastore.TimestampRDBMSMapping, default=false)
649  [main] DEBUG DataNucleus.Datastore  - Adding RDBMS support for Java type java.sql.Time (jdbc-type=CHAR, sql-type=CHAR, datastore-mapping-type=org.datanucleus.store.rdbms.mapping.datastore.CharRDBMSMapping, default=false)
649  [main] DEBUG DataNucleus.Datastore  - Adding RDBMS support for Java type java.sql.Time (jdbc-type=VARCHAR, sql-type=VARCHAR, datastore-mapping-type=org.datanucleus.store.rdbms.mapping.datastore.VarCharRDBMSMapping, default=false)
649  [main] DEBUG DataNucleus.Datastore  - Adding RDBMS support for Java type java.sql.Time (jdbc-type=BIGINT, sql-type=BIGINT, datastore-mapping-type=org.datanucleus.store.rdbms.mapping.datastore.BigIntRDBMSMapping, default=false)
649  [main] DEBUG DataNucleus.Datastore  - Adding RDBMS support for Java type java.sql.Timestamp (jdbc-type=TIMESTAMP, sql-type=TIMESTAMP, datastore-mapping-type=org.datanucleus.store.rdbms.mapping.datastore.TimestampRDBMSMapping, default=true)
649  [main] DEBUG DataNucleus.Datastore  - Adding RDBMS support for Java type java.sql.Timestamp (jdbc-type=CHAR, sql-type=CHAR, datastore-mapping-type=org.datanucleus.store.rdbms.mapping.datastore.CharRDBMSMapping, default=false)
649  [main] DEBUG DataNucleus.Datastore  - Adding RDBMS support for Java type java.sql.Timestamp (jdbc-type=VARCHAR, sql-type=VARCHAR, datastore-mapping-type=org.datanucleus.store.rdbms.mapping.datastore.VarCharRDBMSMapping, default=false)
649  [main] DEBUG DataNucleus.Datastore  - Adding RDBMS support for Java type java.util.Date (jdbc-type=TIMESTAMP, sql-type=TIMESTAMP, datastore-mapping-type=org.datanucleus.store.rdbms.mapping.datastore.TimestampRDBMSMapping, default=true)
649  [main] DEBUG DataNucleus.Datastore  - Adding RDBMS support for Java type java.util.Date (jdbc-type=DATE, sql-type=DATE, datastore-mapping-type=org.datanucleus.store.rdbms.mapping.datastore.DateRDBMSMapping, default=false)
649  [main] DEBUG DataNucleus.Datastore  - Adding RDBMS support for Java type java.util.Date (jdbc-type=CHAR, sql-type=CHAR, datastore-mapping-type=org.datanucleus.store.rdbms.mapping.datastore.CharRDBMSMapping, default=false)
650  [main] DEBUG DataNucleus.Datastore  - Adding RDBMS support for Java type java.util.Date (jdbc-type=VARCHAR, sql-type=VARCHAR, datastore-mapping-type=org.datanucleus.store.rdbms.mapping.datastore.VarCharRDBMSMapping, default=false)
650  [main] DEBUG DataNucleus.Datastore  - Adding RDBMS support for Java type java.util.Date (jdbc-type=BIGINT, sql-type=BIGINT, datastore-mapping-type=org.datanucleus.store.rdbms.mapping.datastore.BigIntRDBMSMapping, default=false)
650  [main] DEBUG DataNucleus.Datastore  - Adding RDBMS support for Java type java.util.Date (jdbc-type=TIME, sql-type=TIME, datastore-mapping-type=org.datanucleus.store.rdbms.mapping.datastore.TimeRDBMSMapping, default=false)
650  [main] DEBUG DataNucleus.Datastore  - Adding RDBMS support for Java type java.io.Serializable (jdbc-type=LONGVARBINARY, sql-type=LONGVARBINARY, datastore-mapping-type=org.datanucleus.store.rdbms.mapping.datastore.LongVarBinaryRDBMSMapping, default=true)
650  [main] DEBUG DataNucleus.Datastore  - Adding RDBMS support for Java type java.io.Serializable (jdbc-type=BLOB, sql-type=BLOB, datastore-mapping-type=org.datanucleus.store.rdbms.mapping.datastore.BlobRDBMSMapping, default=false)
651  [main] DEBUG DataNucleus.Datastore  - Adding RDBMS support for Java type java.io.Serializable (jdbc-type=VARBINARY, sql-type=VARBINARY, datastore-mapping-type=org.datanucleus.store.rdbms.mapping.datastore.VarBinaryRDBMSMapping, default=false)
652  [main] DEBUG DataNucleus.Datastore  - Adding RDBMS support for Java type java.io.File (jdbc-type=LONGVARBINARY, sql-type=LONGVARBINARY, datastore-mapping-type=org.datanucleus.store.rdbms.mapping.datastore.BinaryStreamRDBMSMapping, default=true)
652  [main] DEBUG DataNucleus.Datastore  - Adding RDBMS support for Java type org.datanucleus.identity.OID (jdbc-type=BIGINT, sql-type=BIGINT, datastore-mapping-type=org.datanucleus.store.rdbms.mapping.datastore.BigIntRDBMSMapping, default=true)
652  [main] DEBUG DataNucleus.Datastore  - Adding RDBMS support for Java type org.datanucleus.identity.OID (jdbc-type=INTEGER, sql-type=INTEGER, datastore-mapping-type=org.datanucleus.store.rdbms.mapping.datastore.IntegerRDBMSMapping, default=false)
652  [main] DEBUG DataNucleus.Datastore  - Adding RDBMS support for Java type org.datanucleus.identity.OID (jdbc-type=NUMERIC, sql-type=NUMERIC, datastore-mapping-type=org.datanucleus.store.rdbms.mapping.datastore.NumericRDBMSMapping, default=false)
652  [main] DEBUG DataNucleus.Datastore  - Adding RDBMS support for Java type org.datanucleus.identity.OID (jdbc-type=CHAR, sql-type=CHAR, datastore-mapping-type=org.datanucleus.store.rdbms.mapping.datastore.CharRDBMSMapping, default=false)
652  [main] DEBUG DataNucleus.Datastore  - Adding RDBMS support for Java type org.datanucleus.identity.OID (jdbc-type=VARCHAR, sql-type=VARCHAR, datastore-mapping-type=org.datanucleus.store.rdbms.mapping.datastore.VarCharRDBMSMapping, default=false)
851  [main] DEBUG DataNucleus.Datastore  - SQL type "name" (for JDBC type "VARCHAR") was discarded by the database adapter
851  [main] DEBUG DataNucleus.Datastore  - SQL type "bigserial" (for JDBC type "BIGINT") was discarded by the database adapter
851  [main] DEBUG DataNucleus.Datastore  - SQL type "int2vector" (for JDBC type "OTHER") was discarded by the database adapter
851  [main] DEBUG DataNucleus.Datastore  - SQL type "serial" (for JDBC type "INTEGER") was discarded by the database adapter
852  [main] DEBUG DataNucleus.Datastore  - SQL type "regproc" (for JDBC type "OTHER") was discarded by the database adapter
852  [main] DEBUG DataNucleus.Datastore  - SQL type "oid" (for JDBC type "BIGINT") was discarded by the database adapter
852  [main] DEBUG DataNucleus.Datastore  - SQL type "tid" (for JDBC type "OTHER") was discarded by the database adapter
852  [main] DEBUG DataNucleus.Datastore  - SQL type "xid" (for JDBC type "OTHER") was discarded by the database adapter
852  [main] DEBUG DataNucleus.Datastore  - SQL type "cid" (for JDBC type "OTHER") was discarded by the database adapter
853  [main] DEBUG DataNucleus.Datastore  - SQL type "oidvector" (for JDBC type "OTHER") was discarded by the database adapter
853  [main] DEBUG DataNucleus.Datastore  - SQL type "json" (for JDBC type "OTHER") was discarded by the database adapter
854  [main] DEBUG DataNucleus.Datastore  - SQL type "pg_node_tree" (for JDBC type "OTHER") was discarded by the database adapter
854  [main] DEBUG DataNucleus.Datastore  - SQL type "smgr" (for JDBC type "OTHER") was discarded by the database adapter
854  [main] DEBUG DataNucleus.Datastore  - SQL type "point" (for JDBC type "OTHER") was discarded by the database adapter
854  [main] DEBUG DataNucleus.Datastore  - SQL type "lseg" (for JDBC type "OTHER") was discarded by the database adapter
854  [main] DEBUG DataNucleus.Datastore  - SQL type "path" (for JDBC type "OTHER") was discarded by the database adapter
854  [main] DEBUG DataNucleus.Datastore  - SQL type "box" (for JDBC type "OTHER") was discarded by the database adapter
854  [main] DEBUG DataNucleus.Datastore  - SQL type "polygon" (for JDBC type "OTHER") was discarded by the database adapter
855  [main] DEBUG DataNucleus.Datastore  - SQL type "line" (for JDBC type "OTHER") was discarded by the database adapter
855  [main] DEBUG DataNucleus.Datastore  - SQL type "abstime" (for JDBC type "OTHER") was discarded by the database adapter
855  [main] DEBUG DataNucleus.Datastore  - SQL type "reltime" (for JDBC type "OTHER") was discarded by the database adapter
855  [main] DEBUG DataNucleus.Datastore  - SQL type "tinterval" (for JDBC type "OTHER") was discarded by the database adapter
856  [main] DEBUG DataNucleus.Datastore  - SQL type "unknown" (for JDBC type "OTHER") was discarded by the database adapter
856  [main] DEBUG DataNucleus.Datastore  - SQL type "circle" (for JDBC type "OTHER") was discarded by the database adapter
856  [main] DEBUG DataNucleus.Datastore  - SQL type "money" (for JDBC type "DOUBLE") was discarded by the database adapter
856  [main] DEBUG DataNucleus.Datastore  - SQL type "macaddr" (for JDBC type "OTHER") was discarded by the database adapter
856  [main] DEBUG DataNucleus.Datastore  - SQL type "inet" (for JDBC type "OTHER") was discarded by the database adapter
856  [main] DEBUG DataNucleus.Datastore  - SQL type "cidr" (for JDBC type "OTHER") was discarded by the database adapter
859  [main] DEBUG DataNucleus.Datastore  - SQL type "aclitem" (for JDBC type "OTHER") was discarded by the database adapter
860  [main] DEBUG DataNucleus.Datastore  - SQL type "bpchar" (for JDBC type "CHAR") was discarded by the database adapter
860  [main] DEBUG DataNucleus.Datastore  - SQL type "timestamp" (for JDBC type "TIMESTAMP") was discarded by the database adapter
861  [main] DEBUG DataNucleus.Datastore  - SQL type "interval" (for JDBC type "OTHER") was discarded by the database adapter
861  [main] DEBUG DataNucleus.Datastore  - SQL type "timetz" (for JDBC type "TIME") was discarded by the database adapter
862  [main] DEBUG DataNucleus.Datastore  - SQL type "bit" (for JDBC type "BIT") was discarded by the database adapter
862  [main] DEBUG DataNucleus.Datastore  - SQL type "varbit" (for JDBC type "OTHER") was discarded by the database adapter
862  [main] DEBUG DataNucleus.Datastore  - SQL type "refcursor" (for JDBC type "OTHER") was discarded by the database adapter
862  [main] DEBUG DataNucleus.Datastore  - SQL type "regprocedure" (for JDBC type "OTHER") was discarded by the database adapter
863  [main] DEBUG DataNucleus.Datastore  - SQL type "regoper" (for JDBC type "OTHER") was discarded by the database adapter
863  [main] DEBUG DataNucleus.Datastore  - SQL type "regoperator" (for JDBC type "OTHER") was discarded by the database adapter
863  [main] DEBUG DataNucleus.Datastore  - SQL type "regclass" (for JDBC type "OTHER") was discarded by the database adapter
863  [main] DEBUG DataNucleus.Datastore  - SQL type "regtype" (for JDBC type "OTHER") was discarded by the database adapter
864  [main] DEBUG DataNucleus.Datastore  - SQL type "uuid" (for JDBC type "OTHER") was discarded by the database adapter
864  [main] DEBUG DataNucleus.Datastore  - SQL type "tsvector" (for JDBC type "OTHER") was discarded by the database adapter
864  [main] DEBUG DataNucleus.Datastore  - SQL type "gtsvector" (for JDBC type "OTHER") was discarded by the database adapter
864  [main] DEBUG DataNucleus.Datastore  - SQL type "tsquery" (for JDBC type "OTHER") was discarded by the database adapter
864  [main] DEBUG DataNucleus.Datastore  - SQL type "regconfig" (for JDBC type "OTHER") was discarded by the database adapter
864  [main] DEBUG DataNucleus.Datastore  - SQL type "regdictionary" (for JDBC type "OTHER") was discarded by the database adapter
865  [main] DEBUG DataNucleus.Datastore  - SQL type "txid_snapshot" (for JDBC type "OTHER") was discarded by the database adapter
865  [main] DEBUG DataNucleus.Datastore  - SQL type "int4range" (for JDBC type "OTHER") was discarded by the database adapter
866  [main] DEBUG DataNucleus.Datastore  - SQL type "numrange" (for JDBC type "OTHER") was discarded by the database adapter
866  [main] DEBUG DataNucleus.Datastore  - SQL type "tsrange" (for JDBC type "OTHER") was discarded by the database adapter
866  [main] DEBUG DataNucleus.Datastore  - SQL type "tstzrange" (for JDBC type "OTHER") was discarded by the database adapter
866  [main] DEBUG DataNucleus.Datastore  - SQL type "daterange" (for JDBC type "OTHER") was discarded by the database adapter
867  [main] DEBUG DataNucleus.Datastore  - SQL type "int8range" (for JDBC type "OTHER") was discarded by the database adapter
867  [main] DEBUG DataNucleus.Datastore  - SQL type "record" (for JDBC type "OTHER") was discarded by the database adapter
867  [main] DEBUG DataNucleus.Datastore  - SQL type "cstring" (for JDBC type "OTHER") was discarded by the database adapter
867  [main] DEBUG DataNucleus.Datastore  - SQL type "any" (for JDBC type "OTHER") was discarded by the database adapter
867  [main] DEBUG DataNucleus.Datastore  - SQL type "anyarray" (for JDBC type "OTHER") was discarded by the database adapter
867  [main] DEBUG DataNucleus.Datastore  - SQL type "void" (for JDBC type "OTHER") was discarded by the database adapter
868  [main] DEBUG DataNucleus.Datastore  - SQL type "trigger" (for JDBC type "OTHER") was discarded by the database adapter
868  [main] DEBUG DataNucleus.Datastore  - SQL type "language_handler" (for JDBC type "OTHER") was discarded by the database adapter
868  [main] DEBUG DataNucleus.Datastore  - SQL type "internal" (for JDBC type "OTHER") was discarded by the database adapter
868  [main] DEBUG DataNucleus.Datastore  - SQL type "opaque" (for JDBC type "OTHER") was discarded by the database adapter
868  [main] DEBUG DataNucleus.Datastore  - SQL type "anyelement" (for JDBC type "OTHER") was discarded by the database adapter
868  [main] DEBUG DataNucleus.Datastore  - SQL type "anynonarray" (for JDBC type "OTHER") was discarded by the database adapter
869  [main] DEBUG DataNucleus.Datastore  - SQL type "anyenum" (for JDBC type "OTHER") was discarded by the database adapter
869  [main] DEBUG DataNucleus.Datastore  - SQL type "fdw_handler" (for JDBC type "OTHER") was discarded by the database adapter
869  [main] DEBUG DataNucleus.Datastore  - SQL type "anyrange" (for JDBC type "OTHER") was discarded by the database adapter
888  [main] DEBUG DataNucleus.Datastore  - Removing RDBMS support for Java type java.lang.String (jdbc-type=NCHAR, sql-type=NCHAR)
888  [main] DEBUG DataNucleus.Datastore  - Removing RDBMS support for Java type java.lang.Boolean (jdbc-type=BOOLEAN, sql-type=BOOLEAN)
888  [main] DEBUG DataNucleus.Datastore  - Removing RDBMS support for Java type java.lang.String (jdbc-type=NVARCHAR, sql-type=NVARCHAR)
888  [main] DEBUG DataNucleus.Datastore  - Removing RDBMS support for Java type java.io.Serializable (jdbc-type=VARBINARY, sql-type=VARBINARY)
907  [main] DEBUG DataNucleus.Datastore.Schema  - Column ""DELETEME1407373352019"."UNUSED"" added to internal representation of table.
909  [main] DEBUG DataNucleus.Datastore.Schema  - Creating table "DELETEME1407373352019"
911  [main] DEBUG DataNucleus.Datastore.Schema  - CREATE TABLE "DELETEME1407373352019"
(
    "UNUSED" int4 NOT NULL
)
914  [main] DEBUG DataNucleus.Datastore.Schema  - Execution Time = 3 ms
919  [main] DEBUG DataNucleus.Datastore.Schema  - Catalog Name could not be determined for this datastore
919  [main] DEBUG DataNucleus.Datastore.Schema  - Dropping table "DELETEME1407373352019"
919  [main] DEBUG DataNucleus.Datastore.Schema  - DROP TABLE "DELETEME1407373352019" CASCADE
920  [main] DEBUG DataNucleus.Datastore.Schema  - Execution Time = 1 ms
920  [main] DEBUG DataNucleus.Datastore  - ======================= Datastore =========================
920  [main] DEBUG DataNucleus.Datastore  - StoreManager : "rdbms" (org.datanucleus.store.rdbms.RDBMSStoreManager)
920  [main] DEBUG DataNucleus.Datastore  - Datastore : read-write
920  [main] DEBUG DataNucleus.Datastore  - Schema Control : AutoCreate(Tables,Columns,Constraints), Validate(None)
920  [main] DEBUG DataNucleus.Datastore  - Query Languages : [JDOQL, JPQL, SQL, STOREDPROC]
920  [main] DEBUG DataNucleus.Datastore  - Queries : Timeout=0
920  [main] DEBUG DataNucleus.Datastore  - ===========================================================
920  [main] DEBUG DataNucleus.Datastore  - Datastore Adapter : org.datanucleus.store.rdbms.adapter.PostgreSQLAdapter
921  [main] DEBUG DataNucleus.Datastore  - Datastore : name="PostgreSQL" version="9.2.3"
921  [main] DEBUG DataNucleus.Datastore  - Datastore Driver : name="PostgreSQL Native Driver" version="PostgreSQL 9.3 JDBC4 (build 1101)"
921  [main] DEBUG DataNucleus.Datastore  - Primary Connection Factory : URL[jdbc:postgresql://localhost/musicbrainz]
921  [main] DEBUG DataNucleus.Datastore  - Secondary Connection Factory : URL[jdbc:postgresql://localhost/musicbrainz]
921  [main] DEBUG DataNucleus.Datastore  - Datastore Identifiers : factory="jpa" case="UPPERCASE" schema=public
921  [main] DEBUG DataNucleus.Datastore  - Supported Identifier Cases : lowercase "MixedCase-Sensitive" 
921  [main] DEBUG DataNucleus.Datastore  - Supported Identifier Lengths (max) : Table=63 Column=63 Constraint=63 Index=63 Delimiter="
921  [main] DEBUG DataNucleus.Datastore  - Support for Identifiers in DDL : catalog=false schema=true
921  [main] DEBUG DataNucleus.Datastore  - Datastore : checkTableViewExistence, rdbmsConstraintCreateMode=DataNucleus, initialiseColumnInfo=ALL
921  [main] DEBUG DataNucleus.Datastore  - Support Statement Batching : yes (max-batch-size=50)
921  [main] DEBUG DataNucleus.Datastore  - Queries : Results direction=forward, type=forward-only, concurrency=read-only
921  [main] DEBUG DataNucleus.Datastore  - Java-Types : string-default-length=255
921  [main] DEBUG DataNucleus.Datastore  - JDBC-Types : [id=2009], BLOB, CLOB, TIMESTAMP, TIME, STRUCT, DATE, ARRAY, VARCHAR, NUMERIC, CHAR, REAL, LONGVARCHAR, LONGVARBINARY, SMALLINT, INTEGER, BIGINT, BIT, DOUBLE, DISTINCT
921  [main] DEBUG DataNucleus.Datastore  - ===========================================================
924  [main] DEBUG DataNucleus.Connection  - Connection "org.datanucleus.store.rdbms.datasource.dbcp.PoolingDataSource$PoolGuardConnectionWrapper@45d58963" non enlisted to a transaction is being committed.
924  [main] DEBUG DataNucleus.Connection  - Connection "org.datanucleus.store.rdbms.datasource.dbcp.PoolingDataSource$PoolGuardConnectionWrapper@45d58963" closed
924  [main] DEBUG DataNucleus.Datastore  - StoreManager now created
925  [main] DEBUG DataNucleus.Persistence  - Started pool of ExecutionContext (maxPool=20, reaperThread=false)
938  [main] DEBUG DataNucleus.Persistence  - ================= NucleusContext ===============
938  [main] DEBUG DataNucleus.Persistence  - DataNucleus Context : Version "3.2.13" with JRE "1.7.0_51" on "Windows 7"
938  [main] DEBUG DataNucleus.Persistence  - Persistence API : JPA
938  [main] DEBUG DataNucleus.Persistence  - Persistence-Unit : musicbrainz
938  [main] DEBUG DataNucleus.Persistence  - Plugin Registry : org.datanucleus.plugin.NonManagedPluginRegistry
938  [main] DEBUG DataNucleus.Persistence  - ClassLoading : datanucleus
938  [main] DEBUG DataNucleus.Persistence  - Persistence : pm-singlethreaded, retain-values, nontransactional-read, nontransactional-write, detach-on-close, copy-on-attach, deletion-policy=JDO2, serverTimeZone=America/Sao_Paulo
939  [main] DEBUG DataNucleus.Persistence  - AutoStart : mechanism=None, mode=Quiet
939  [main] DEBUG DataNucleus.Persistence  - Transactions : type=RESOURCE_LOCAL, mode=optimistic, isolation=read-committed
939  [main] DEBUG DataNucleus.Persistence  - ValueGeneration : txn-isolation=read-committed connection=New
939  [main] DEBUG DataNucleus.Persistence  - Cache : Level1 (soft), Level2 (soft, mode=UNSPECIFIED), QueryResults (soft), Collections/Maps 
939  [main] DEBUG DataNucleus.Persistence  - ================================================
964  [main] DEBUG DataNucleus.Persistence  - ExecutionContext "org.datanucleus.ExecutionContextImpl@10d7a8fb" opened for datastore "org.datanucleus.store.rdbms.RDBMSStoreManager@32f7fa37" with txn="org.datanucleus.TransactionImpl@3e96ff60"
966  [main] DEBUG DataNucleus.Cache  - Level 2 Cache of type "soft" initialised
968  [main] DEBUG DataNucleus.Cache  - Level 1 Cache of type "soft" initialised
1001 [main] DEBUG org.jboss.logging  - Logging Provider: org.jboss.logging.Log4jLoggerProvider
1001 [main] INFO  org.hibernate.validator.internal.util.Version  - HV000001: Hibernate Validator 5.1.2.Final
1010 [main] DEBUG org.hibernate.validator.internal.engine.resolver.DefaultTraversableResolver  - Found javax.persistence.Persistence on classpath containing 'getPersistenceUtil'. Assuming JPA 2 environment. Trying to instantiate JPA aware TraversableResolver
1011 [main] DEBUG org.hibernate.validator.internal.engine.resolver.DefaultTraversableResolver  - Instantiated JPA aware TraversableResolver of type org.hibernate.validator.internal.engine.resolver.JPATraversableResolver.
1022 [main] DEBUG org.hibernate.validator.internal.xml.ValidationXmlParser  - Trying to load META-INF/validation.xml for XML based Validator configuration.
1027 [main] DEBUG org.hibernate.validator.internal.xml.ValidationXmlParser  - No META-INF/validation.xml found. Using annotation based configuration only.
Artist
MusicalGender
Work
Record
Name
StringBase
Author
BirthDateBase
1106 [main] DEBUG DataNucleus.Cache  - Level 1 Cache cleared
1106 [main] DEBUG DataNucleus.Persistence  - ExecutionContext "org.datanucleus.ExecutionContextImpl@10d7a8fb" closed
1179 [main] DEBUG DataNucleus.Connection  - Closing Connection Pool tx
1179 [main] DEBUG DataNucleus.Connection  - Closing Connection Pool nontx
1179 [main] DEBUG DataNucleus.Persistence  - Unmanaging Persistence of all classes
1179 [main] DEBUG DataNucleus.Cache  - Level 2 Cache cleared
]]></system-out>
  <system-err><![CDATA[]]></system-err>
</testsuite>
